12:41:06 INFO  : Registering command handlers for SDK TCF services
12:41:07 INFO  : Launching XSCT server: xsct -n -interactive /home/user/Lab-6-Final-Project/Lab-6/Lab-6.sdk/temp_xsdb_launch_script.tcl
12:41:08 INFO  : XSCT server has started successfully.
12:41:08 INFO  : Successfully done setting XSCT server connection channel  
12:41:08 INFO  : Successfully done setting SDK workspace  
12:41:08 INFO  : Processing command line option -hwspec /home/user/Lab-6-Final-Project/Lab-6/Lab-6.sdk/lab6_block_wrapper.hdf.
12:42:49 INFO  : Connected to target on host '127.0.0.1' and port '3121'.
12:42:49 INFO  : 'targets -set -filter {jtag_cable_name =~ "Digilent Zybo 210279A42D4BA" && level==0} -index 1' command is executed.
12:42:51 INFO  : FPGA configured successfully with bitstream "/home/user/Lab-6-Final-Project/Lab-6/Lab-6.sdk/lab6_block_wrapper_hw_platform_0/lab6_block_wrapper.bit"
12:42:59 INFO  : 'targets -set -filter {jtag_cable_name =~ "Digilent Zybo 210279A42D4BA" && level==0} -index 1' command is executed.
12:42:59 INFO  : 'fpga -state' command is executed.
12:42:59 INFO  : Connected to target on host '127.0.0.1' and port '3121'.
12:42:59 INFO  : Jtag cable 'Digilent Zybo 210279A42D4BA' is selected.
12:42:59 INFO  : 'jtag frequency' command is executed.
12:42:59 INFO  : Sourcing of '/home/user/Lab-6-Final-Project/Lab-6/Lab-6.sdk/lab6_block_wrapper_hw_platform_0/ps7_init.tcl' is done.
12:42:59 INFO  : Context for 'APU' is selected.
12:42:59 INFO  : Hardware design information is loaded from '/home/user/Lab-6-Final-Project/Lab-6/Lab-6.sdk/lab6_block_wrapper_hw_platform_0/system.hdf'.
12:42:59 INFO  : 'configparams force-mem-access 1' command is executed.
12:42:59 INFO  : Context for 'APU' is selected.
12:42:59 INFO  : 'stop' command is executed.
12:42:59 INFO  : 'ps7_init' command is executed.
12:42:59 INFO  : 'ps7_post_config' command is executed.
12:42:59 INFO  : Context for processor 'ps7_cortexa9_0' is selected.
12:42:59 INFO  : Processor reset is completed for 'ps7_cortexa9_0'.
12:42:59 INFO  : Context for processor 'ps7_cortexa9_0' is selected.
12:42:59 INFO  : The application '/home/user/Lab-6-Final-Project/Lab-6/Lab-6.sdk/lab_6_software/Debug/lab_6_software.elf' is downloaded to processor 'ps7_cortexa9_0'.
12:42:59 INFO  : 'configparams force-mem-access 0' command is executed.
12:42:59 INFO  : ----------------XSDB Script----------------
connect -url tcp:127.0.0.1:3121
source /home/user/Lab-6-Final-Project/Lab-6/Lab-6.sdk/lab6_block_wrapper_hw_platform_0/ps7_init.tcl
targets -set -nocase -filter {name =~"APU*" && jtag_cable_name =~ "Digilent Zybo 210279A42D4BA"} -index 0
loadhw -hw /home/user/Lab-6-Final-Project/Lab-6/Lab-6.sdk/lab6_block_wrapper_hw_platform_0/system.hdf -mem-ranges [list {0x40000000 0xbfffffff}]
configparams force-mem-access 1
targets -set -nocase -filter {name =~"APU*" && jtag_cable_name =~ "Digilent Zybo 210279A42D4BA"} -index 0
stop
ps7_init
ps7_post_config
targets -set -nocase -filter {name =~ "ARM*#0" && jtag_cable_name =~ "Digilent Zybo 210279A42D4BA"} -index 0
rst -processor
targets -set -nocase -filter {name =~ "ARM*#0" && jtag_cable_name =~ "Digilent Zybo 210279A42D4BA"} -index 0
dow /home/user/Lab-6-Final-Project/Lab-6/Lab-6.sdk/lab_6_software/Debug/lab_6_software.elf
configparams force-mem-access 0
----------------End of Script----------------

12:42:59 INFO  : Memory regions updated for context APU
12:42:59 INFO  : Context for processor 'ps7_cortexa9_0' is selected.
12:42:59 INFO  : 'con' command is executed.
12:42:59 INFO  : ----------------XSDB Script (After Launch)----------------
targets -set -nocase -filter {name =~ "ARM*#0" && jtag_cable_name =~ "Digilent Zybo 210279A42D4BA"} -index 0
con
----------------End of Script----------------

12:42:59 INFO  : Launch script is exported to file '/home/user/Lab-6-Final-Project/Lab-6/Lab-6.sdk/.sdk/launch_scripts/xilinx_c-c++_application_(system_debugger)/system_debugger_using_debug_lab_6_software.elf_on_local.tcl'
12:44:30 INFO  : Connected to target on host '127.0.0.1' and port '3121'.
12:44:30 INFO  : 'targets -set -filter {jtag_cable_name =~ "Digilent Zybo 210279A42D4BA" && level==0} -index 1' command is executed.
12:44:31 INFO  : FPGA configured successfully with bitstream "/home/user/Lab-6-Final-Project/Lab-6/Lab-6.sdk/lab6_block_wrapper_hw_platform_0/lab6_block_wrapper.bit"
12:44:49 INFO  : Disconnected from the channel tcfchan#1.
12:44:50 INFO  : 'targets -set -filter {jtag_cable_name =~ "Digilent Zybo 210279A42D4BA" && level==0} -index 1' command is executed.
12:44:50 INFO  : 'fpga -state' command is executed.
12:44:50 INFO  : Connected to target on host '127.0.0.1' and port '3121'.
12:44:50 INFO  : Jtag cable 'Digilent Zybo 210279A42D4BA' is selected.
12:44:50 INFO  : 'jtag frequency' command is executed.
12:44:50 INFO  : Sourcing of '/home/user/Lab-6-Final-Project/Lab-6/Lab-6.sdk/lab6_block_wrapper_hw_platform_0/ps7_init.tcl' is done.
12:44:50 INFO  : Context for 'APU' is selected.
12:44:51 INFO  : Hardware design information is loaded from '/home/user/Lab-6-Final-Project/Lab-6/Lab-6.sdk/lab6_block_wrapper_hw_platform_0/system.hdf'.
12:44:51 INFO  : 'configparams force-mem-access 1' command is executed.
12:44:51 INFO  : Context for 'APU' is selected.
12:44:51 INFO  : 'stop' command is executed.
12:44:52 INFO  : 'ps7_init' command is executed.
12:44:52 INFO  : 'ps7_post_config' command is executed.
12:44:52 INFO  : Context for processor 'ps7_cortexa9_0' is selected.
12:44:52 INFO  : Processor reset is completed for 'ps7_cortexa9_0'.
12:44:52 INFO  : Context for processor 'ps7_cortexa9_0' is selected.
12:44:52 INFO  : The application '/home/user/Lab-6-Final-Project/Lab-6/Lab-6.sdk/lab_6_software/Debug/lab_6_software.elf' is downloaded to processor 'ps7_cortexa9_0'.
12:44:52 INFO  : 'configparams force-mem-access 0' command is executed.
12:44:52 INFO  : ----------------XSDB Script----------------
connect -url tcp:127.0.0.1:3121
source /home/user/Lab-6-Final-Project/Lab-6/Lab-6.sdk/lab6_block_wrapper_hw_platform_0/ps7_init.tcl
targets -set -nocase -filter {name =~"APU*" && jtag_cable_name =~ "Digilent Zybo 210279A42D4BA"} -index 0
loadhw -hw /home/user/Lab-6-Final-Project/Lab-6/Lab-6.sdk/lab6_block_wrapper_hw_platform_0/system.hdf -mem-ranges [list {0x40000000 0xbfffffff}]
configparams force-mem-access 1
targets -set -nocase -filter {name =~"APU*" && jtag_cable_name =~ "Digilent Zybo 210279A42D4BA"} -index 0
stop
ps7_init
ps7_post_config
targets -set -nocase -filter {name =~ "ARM*#0" && jtag_cable_name =~ "Digilent Zybo 210279A42D4BA"} -index 0
rst -processor
targets -set -nocase -filter {name =~ "ARM*#0" && jtag_cable_name =~ "Digilent Zybo 210279A42D4BA"} -index 0
dow /home/user/Lab-6-Final-Project/Lab-6/Lab-6.sdk/lab_6_software/Debug/lab_6_software.elf
configparams force-mem-access 0
----------------End of Script----------------

12:44:52 INFO  : Memory regions updated for context APU
12:44:52 INFO  : Context for processor 'ps7_cortexa9_0' is selected.
12:44:52 INFO  : 'con' command is executed.
12:44:52 INFO  : ----------------XSDB Script (After Launch)----------------
targets -set -nocase -filter {name =~ "ARM*#0" && jtag_cable_name =~ "Digilent Zybo 210279A42D4BA"} -index 0
con
----------------End of Script----------------

12:44:52 INFO  : Launch script is exported to file '/home/user/Lab-6-Final-Project/Lab-6/Lab-6.sdk/.sdk/launch_scripts/xilinx_c-c++_application_(system_debugger)/system_debugger_using_debug_lab_6_software.elf_on_local.tcl'
12:45:35 INFO  : Connected to target on host '127.0.0.1' and port '3121'.
12:45:35 INFO  : 'targets -set -filter {jtag_cable_name =~ "Digilent Zybo 210279A42D4BA" && level==0} -index 1' command is executed.
12:45:36 INFO  : FPGA configured successfully with bitstream "/home/user/Lab-6-Final-Project/Lab-6/Lab-6.sdk/lab6_block_wrapper_hw_platform_0/lab6_block_wrapper.bit"
12:45:46 INFO  : Disconnected from the channel tcfchan#2.
12:45:47 INFO  : 'targets -set -filter {jtag_cable_name =~ "Digilent Zybo 210279A42D4BA" && level==0} -index 1' command is executed.
12:45:47 INFO  : 'fpga -state' command is executed.
12:45:47 INFO  : Connected to target on host '127.0.0.1' and port '3121'.
12:45:47 INFO  : Jtag cable 'Digilent Zybo 210279A42D4BA' is selected.
12:45:47 INFO  : 'jtag frequency' command is executed.
12:45:47 INFO  : Sourcing of '/home/user/Lab-6-Final-Project/Lab-6/Lab-6.sdk/lab6_block_wrapper_hw_platform_0/ps7_init.tcl' is done.
12:45:47 INFO  : Context for 'APU' is selected.
12:45:48 INFO  : Hardware design information is loaded from '/home/user/Lab-6-Final-Project/Lab-6/Lab-6.sdk/lab6_block_wrapper_hw_platform_0/system.hdf'.
12:45:48 INFO  : 'configparams force-mem-access 1' command is executed.
12:45:48 INFO  : Context for 'APU' is selected.
12:45:48 INFO  : 'stop' command is executed.
12:45:49 INFO  : 'ps7_init' command is executed.
12:45:49 INFO  : 'ps7_post_config' command is executed.
12:45:49 INFO  : Context for processor 'ps7_cortexa9_0' is selected.
12:45:49 INFO  : Processor reset is completed for 'ps7_cortexa9_0'.
12:45:49 INFO  : Context for processor 'ps7_cortexa9_0' is selected.
12:45:49 INFO  : The application '/home/user/Lab-6-Final-Project/Lab-6/Lab-6.sdk/lab_6_software/Debug/lab_6_software.elf' is downloaded to processor 'ps7_cortexa9_0'.
12:45:49 INFO  : 'configparams force-mem-access 0' command is executed.
12:45:49 INFO  : ----------------XSDB Script----------------
connect -url tcp:127.0.0.1:3121
source /home/user/Lab-6-Final-Project/Lab-6/Lab-6.sdk/lab6_block_wrapper_hw_platform_0/ps7_init.tcl
targets -set -nocase -filter {name =~"APU*" && jtag_cable_name =~ "Digilent Zybo 210279A42D4BA"} -index 0
loadhw -hw /home/user/Lab-6-Final-Project/Lab-6/Lab-6.sdk/lab6_block_wrapper_hw_platform_0/system.hdf -mem-ranges [list {0x40000000 0xbfffffff}]
configparams force-mem-access 1
targets -set -nocase -filter {name =~"APU*" && jtag_cable_name =~ "Digilent Zybo 210279A42D4BA"} -index 0
stop
ps7_init
ps7_post_config
targets -set -nocase -filter {name =~ "ARM*#0" && jtag_cable_name =~ "Digilent Zybo 210279A42D4BA"} -index 0
rst -processor
targets -set -nocase -filter {name =~ "ARM*#0" && jtag_cable_name =~ "Digilent Zybo 210279A42D4BA"} -index 0
dow /home/user/Lab-6-Final-Project/Lab-6/Lab-6.sdk/lab_6_software/Debug/lab_6_software.elf
configparams force-mem-access 0
----------------End of Script----------------

12:45:49 INFO  : Memory regions updated for context APU
12:45:49 INFO  : Context for processor 'ps7_cortexa9_0' is selected.
12:45:49 INFO  : 'con' command is executed.
12:45:49 INFO  : ----------------XSDB Script (After Launch)----------------
targets -set -nocase -filter {name =~ "ARM*#0" && jtag_cable_name =~ "Digilent Zybo 210279A42D4BA"} -index 0
con
----------------End of Script----------------

12:45:49 INFO  : Launch script is exported to file '/home/user/Lab-6-Final-Project/Lab-6/Lab-6.sdk/.sdk/launch_scripts/xilinx_c-c++_application_(system_debugger)/system_debugger_using_debug_lab_6_software.elf_on_local.tcl'
12:48:09 INFO  : Connected to target on host '127.0.0.1' and port '3121'.
12:48:09 INFO  : 'targets -set -filter {jtag_cable_name =~ "Digilent Zybo 210279A42D4BA" && level==0} -index 1' command is executed.
12:48:10 INFO  : FPGA configured successfully with bitstream "/home/user/Lab-6-Final-Project/Lab-6/Lab-6.sdk/lab6_block_wrapper_hw_platform_0/lab6_block_wrapper.bit"
12:48:30 INFO  : Disconnected from the channel tcfchan#3.
12:48:31 INFO  : 'targets -set -filter {jtag_cable_name =~ "Digilent Zybo 210279A42D4BA" && level==0} -index 1' command is executed.
12:48:31 INFO  : 'fpga -state' command is executed.
12:48:31 INFO  : Connected to target on host '127.0.0.1' and port '3121'.
12:48:31 INFO  : Jtag cable 'Digilent Zybo 210279A42D4BA' is selected.
12:48:31 INFO  : 'jtag frequency' command is executed.
12:48:31 INFO  : Sourcing of '/home/user/Lab-6-Final-Project/Lab-6/Lab-6.sdk/lab6_block_wrapper_hw_platform_0/ps7_init.tcl' is done.
12:48:31 INFO  : Context for 'APU' is selected.
12:48:32 INFO  : Hardware design information is loaded from '/home/user/Lab-6-Final-Project/Lab-6/Lab-6.sdk/lab6_block_wrapper_hw_platform_0/system.hdf'.
12:48:32 INFO  : 'configparams force-mem-access 1' command is executed.
12:48:32 INFO  : Context for 'APU' is selected.
12:48:32 INFO  : 'stop' command is executed.
12:48:32 INFO  : 'ps7_init' command is executed.
12:48:32 INFO  : 'ps7_post_config' command is executed.
12:48:32 INFO  : Context for processor 'ps7_cortexa9_0' is selected.
12:48:32 INFO  : Processor reset is completed for 'ps7_cortexa9_0'.
12:48:32 INFO  : Context for processor 'ps7_cortexa9_0' is selected.
12:48:33 INFO  : The application '/home/user/Lab-6-Final-Project/Lab-6/Lab-6.sdk/lab_6_software/Debug/lab_6_software.elf' is downloaded to processor 'ps7_cortexa9_0'.
12:48:33 INFO  : 'configparams force-mem-access 0' command is executed.
12:48:33 INFO  : ----------------XSDB Script----------------
connect -url tcp:127.0.0.1:3121
source /home/user/Lab-6-Final-Project/Lab-6/Lab-6.sdk/lab6_block_wrapper_hw_platform_0/ps7_init.tcl
targets -set -nocase -filter {name =~"APU*" && jtag_cable_name =~ "Digilent Zybo 210279A42D4BA"} -index 0
loadhw -hw /home/user/Lab-6-Final-Project/Lab-6/Lab-6.sdk/lab6_block_wrapper_hw_platform_0/system.hdf -mem-ranges [list {0x40000000 0xbfffffff}]
configparams force-mem-access 1
targets -set -nocase -filter {name =~"APU*" && jtag_cable_name =~ "Digilent Zybo 210279A42D4BA"} -index 0
stop
ps7_init
ps7_post_config
targets -set -nocase -filter {name =~ "ARM*#0" && jtag_cable_name =~ "Digilent Zybo 210279A42D4BA"} -index 0
rst -processor
targets -set -nocase -filter {name =~ "ARM*#0" && jtag_cable_name =~ "Digilent Zybo 210279A42D4BA"} -index 0
dow /home/user/Lab-6-Final-Project/Lab-6/Lab-6.sdk/lab_6_software/Debug/lab_6_software.elf
configparams force-mem-access 0
----------------End of Script----------------

12:48:33 INFO  : Memory regions updated for context APU
12:48:33 INFO  : Context for processor 'ps7_cortexa9_0' is selected.
12:48:33 INFO  : 'con' command is executed.
12:48:33 INFO  : ----------------XSDB Script (After Launch)----------------
targets -set -nocase -filter {name =~ "ARM*#0" && jtag_cable_name =~ "Digilent Zybo 210279A42D4BA"} -index 0
con
----------------End of Script----------------

12:48:33 INFO  : Launch script is exported to file '/home/user/Lab-6-Final-Project/Lab-6/Lab-6.sdk/.sdk/launch_scripts/xilinx_c-c++_application_(system_debugger)/system_debugger_using_debug_lab_6_software.elf_on_local.tcl'
12:48:58 INFO  : Disconnected from the channel tcfchan#4.
12:49:00 INFO  : 'targets -set -filter {jtag_cable_name =~ "Digilent Zybo 210279A42D4BA" && level==0} -index 1' command is executed.
12:49:00 INFO  : 'fpga -state' command is executed.
12:49:00 INFO  : Connected to target on host '127.0.0.1' and port '3121'.
12:49:00 INFO  : Jtag cable 'Digilent Zybo 210279A42D4BA' is selected.
12:49:00 INFO  : 'jtag frequency' command is executed.
12:49:00 INFO  : Sourcing of '/home/user/Lab-6-Final-Project/Lab-6/Lab-6.sdk/lab6_block_wrapper_hw_platform_0/ps7_init.tcl' is done.
12:49:00 INFO  : Context for 'APU' is selected.
12:49:01 INFO  : Hardware design information is loaded from '/home/user/Lab-6-Final-Project/Lab-6/Lab-6.sdk/lab6_block_wrapper_hw_platform_0/system.hdf'.
12:49:01 INFO  : 'configparams force-mem-access 1' command is executed.
12:49:01 INFO  : Context for 'APU' is selected.
12:49:01 INFO  : 'stop' command is executed.
12:49:01 INFO  : 'ps7_init' command is executed.
12:49:01 INFO  : 'ps7_post_config' command is executed.
12:49:01 INFO  : Context for processor 'ps7_cortexa9_0' is selected.
12:49:01 INFO  : Processor reset is completed for 'ps7_cortexa9_0'.
12:49:01 INFO  : Context for processor 'ps7_cortexa9_0' is selected.
12:49:01 INFO  : The application '/home/user/Lab-6-Final-Project/Lab-6/Lab-6.sdk/lab_6_software/Debug/lab_6_software.elf' is downloaded to processor 'ps7_cortexa9_0'.
12:49:01 INFO  : 'configparams force-mem-access 0' command is executed.
12:49:01 INFO  : ----------------XSDB Script----------------
connect -url tcp:127.0.0.1:3121
source /home/user/Lab-6-Final-Project/Lab-6/Lab-6.sdk/lab6_block_wrapper_hw_platform_0/ps7_init.tcl
targets -set -nocase -filter {name =~"APU*" && jtag_cable_name =~ "Digilent Zybo 210279A42D4BA"} -index 0
loadhw -hw /home/user/Lab-6-Final-Project/Lab-6/Lab-6.sdk/lab6_block_wrapper_hw_platform_0/system.hdf -mem-ranges [list {0x40000000 0xbfffffff}]
configparams force-mem-access 1
targets -set -nocase -filter {name =~"APU*" && jtag_cable_name =~ "Digilent Zybo 210279A42D4BA"} -index 0
stop
ps7_init
ps7_post_config
targets -set -nocase -filter {name =~ "ARM*#0" && jtag_cable_name =~ "Digilent Zybo 210279A42D4BA"} -index 0
rst -processor
targets -set -nocase -filter {name =~ "ARM*#0" && jtag_cable_name =~ "Digilent Zybo 210279A42D4BA"} -index 0
dow /home/user/Lab-6-Final-Project/Lab-6/Lab-6.sdk/lab_6_software/Debug/lab_6_software.elf
configparams force-mem-access 0
----------------End of Script----------------

12:49:01 INFO  : Memory regions updated for context APU
12:49:01 INFO  : Context for processor 'ps7_cortexa9_0' is selected.
12:49:01 INFO  : 'con' command is executed.
12:49:01 INFO  : ----------------XSDB Script (After Launch)----------------
targets -set -nocase -filter {name =~ "ARM*#0" && jtag_cable_name =~ "Digilent Zybo 210279A42D4BA"} -index 0
con
----------------End of Script----------------

12:49:01 INFO  : Launch script is exported to file '/home/user/Lab-6-Final-Project/Lab-6/Lab-6.sdk/.sdk/launch_scripts/xilinx_c-c++_application_(system_debugger)/system_debugger_using_debug_lab_6_software.elf_on_local.tcl'
12:49:13 INFO  : Disconnected from the channel tcfchan#5.
12:49:14 INFO  : 'targets -set -filter {jtag_cable_name =~ "Digilent Zybo 210279A42D4BA" && level==0} -index 1' command is executed.
12:49:14 INFO  : 'fpga -state' command is executed.
12:49:14 INFO  : Connected to target on host '127.0.0.1' and port '3121'.
12:49:14 INFO  : Jtag cable 'Digilent Zybo 210279A42D4BA' is selected.
12:49:14 INFO  : 'jtag frequency' command is executed.
12:49:14 INFO  : Sourcing of '/home/user/Lab-6-Final-Project/Lab-6/Lab-6.sdk/lab6_block_wrapper_hw_platform_0/ps7_init.tcl' is done.
12:49:14 INFO  : Context for 'APU' is selected.
12:49:15 INFO  : Hardware design information is loaded from '/home/user/Lab-6-Final-Project/Lab-6/Lab-6.sdk/lab6_block_wrapper_hw_platform_0/system.hdf'.
12:49:15 INFO  : 'configparams force-mem-access 1' command is executed.
12:49:15 INFO  : Context for 'APU' is selected.
12:49:15 INFO  : 'stop' command is executed.
12:49:16 INFO  : 'ps7_init' command is executed.
12:49:16 INFO  : 'ps7_post_config' command is executed.
12:49:16 INFO  : Context for processor 'ps7_cortexa9_0' is selected.
12:49:16 INFO  : Processor reset is completed for 'ps7_cortexa9_0'.
12:49:16 INFO  : Context for processor 'ps7_cortexa9_0' is selected.
12:49:16 INFO  : The application '/home/user/Lab-6-Final-Project/Lab-6/Lab-6.sdk/lab_6_software/Debug/lab_6_software.elf' is downloaded to processor 'ps7_cortexa9_0'.
12:49:16 INFO  : 'configparams force-mem-access 0' command is executed.
12:49:16 INFO  : ----------------XSDB Script----------------
connect -url tcp:127.0.0.1:3121
source /home/user/Lab-6-Final-Project/Lab-6/Lab-6.sdk/lab6_block_wrapper_hw_platform_0/ps7_init.tcl
targets -set -nocase -filter {name =~"APU*" && jtag_cable_name =~ "Digilent Zybo 210279A42D4BA"} -index 0
loadhw -hw /home/user/Lab-6-Final-Project/Lab-6/Lab-6.sdk/lab6_block_wrapper_hw_platform_0/system.hdf -mem-ranges [list {0x40000000 0xbfffffff}]
configparams force-mem-access 1
targets -set -nocase -filter {name =~"APU*" && jtag_cable_name =~ "Digilent Zybo 210279A42D4BA"} -index 0
stop
ps7_init
ps7_post_config
targets -set -nocase -filter {name =~ "ARM*#0" && jtag_cable_name =~ "Digilent Zybo 210279A42D4BA"} -index 0
rst -processor
targets -set -nocase -filter {name =~ "ARM*#0" && jtag_cable_name =~ "Digilent Zybo 210279A42D4BA"} -index 0
dow /home/user/Lab-6-Final-Project/Lab-6/Lab-6.sdk/lab_6_software/Debug/lab_6_software.elf
configparams force-mem-access 0
----------------End of Script----------------

12:49:16 INFO  : Memory regions updated for context APU
12:49:16 INFO  : Context for processor 'ps7_cortexa9_0' is selected.
12:49:16 INFO  : 'con' command is executed.
12:49:16 INFO  : ----------------XSDB Script (After Launch)----------------
targets -set -nocase -filter {name =~ "ARM*#0" && jtag_cable_name =~ "Digilent Zybo 210279A42D4BA"} -index 0
con
----------------End of Script----------------

12:49:16 INFO  : Launch script is exported to file '/home/user/Lab-6-Final-Project/Lab-6/Lab-6.sdk/.sdk/launch_scripts/xilinx_c-c++_application_(system_debugger)/system_debugger_using_debug_lab_6_software.elf_on_local.tcl'
12:51:18 INFO  : Connected to target on host '127.0.0.1' and port '3121'.
12:51:18 INFO  : 'targets -set -filter {jtag_cable_name =~ "Digilent Zybo 210279A42D4BA" && level==0} -index 1' command is executed.
12:51:19 INFO  : FPGA configured successfully with bitstream "/home/user/Lab-6-Final-Project/Lab-6/Lab-6.sdk/lab6_block_wrapper_hw_platform_0/lab6_block_wrapper.bit"
12:51:30 INFO  : Disconnected from the channel tcfchan#6.
12:51:31 INFO  : 'targets -set -filter {jtag_cable_name =~ "Digilent Zybo 210279A42D4BA" && level==0} -index 1' command is executed.
12:51:31 INFO  : 'fpga -state' command is executed.
12:51:31 INFO  : Connected to target on host '127.0.0.1' and port '3121'.
12:51:32 INFO  : Jtag cable 'Digilent Zybo 210279A42D4BA' is selected.
12:51:32 INFO  : 'jtag frequency' command is executed.
12:51:32 INFO  : Sourcing of '/home/user/Lab-6-Final-Project/Lab-6/Lab-6.sdk/lab6_block_wrapper_hw_platform_0/ps7_init.tcl' is done.
12:51:32 INFO  : Context for 'APU' is selected.
12:51:33 INFO  : Hardware design information is loaded from '/home/user/Lab-6-Final-Project/Lab-6/Lab-6.sdk/lab6_block_wrapper_hw_platform_0/system.hdf'.
12:51:33 INFO  : 'configparams force-mem-access 1' command is executed.
12:51:33 INFO  : Context for 'APU' is selected.
12:51:33 INFO  : 'stop' command is executed.
12:51:33 INFO  : 'ps7_init' command is executed.
12:51:33 INFO  : 'ps7_post_config' command is executed.
12:51:33 INFO  : Context for processor 'ps7_cortexa9_0' is selected.
12:51:33 INFO  : Processor reset is completed for 'ps7_cortexa9_0'.
12:51:33 INFO  : Context for processor 'ps7_cortexa9_0' is selected.
12:51:33 INFO  : The application '/home/user/Lab-6-Final-Project/Lab-6/Lab-6.sdk/lab_6_software/Debug/lab_6_software.elf' is downloaded to processor 'ps7_cortexa9_0'.
12:51:33 INFO  : 'configparams force-mem-access 0' command is executed.
12:51:33 INFO  : ----------------XSDB Script----------------
connect -url tcp:127.0.0.1:3121
source /home/user/Lab-6-Final-Project/Lab-6/Lab-6.sdk/lab6_block_wrapper_hw_platform_0/ps7_init.tcl
targets -set -nocase -filter {name =~"APU*" && jtag_cable_name =~ "Digilent Zybo 210279A42D4BA"} -index 0
loadhw -hw /home/user/Lab-6-Final-Project/Lab-6/Lab-6.sdk/lab6_block_wrapper_hw_platform_0/system.hdf -mem-ranges [list {0x40000000 0xbfffffff}]
configparams force-mem-access 1
targets -set -nocase -filter {name =~"APU*" && jtag_cable_name =~ "Digilent Zybo 210279A42D4BA"} -index 0
stop
ps7_init
ps7_post_config
targets -set -nocase -filter {name =~ "ARM*#0" && jtag_cable_name =~ "Digilent Zybo 210279A42D4BA"} -index 0
rst -processor
targets -set -nocase -filter {name =~ "ARM*#0" && jtag_cable_name =~ "Digilent Zybo 210279A42D4BA"} -index 0
dow /home/user/Lab-6-Final-Project/Lab-6/Lab-6.sdk/lab_6_software/Debug/lab_6_software.elf
configparams force-mem-access 0
----------------End of Script----------------

12:51:33 INFO  : Memory regions updated for context APU
12:51:33 INFO  : Context for processor 'ps7_cortexa9_0' is selected.
12:51:33 INFO  : 'con' command is executed.
12:51:33 INFO  : ----------------XSDB Script (After Launch)----------------
targets -set -nocase -filter {name =~ "ARM*#0" && jtag_cable_name =~ "Digilent Zybo 210279A42D4BA"} -index 0
con
----------------End of Script----------------

12:51:33 INFO  : Launch script is exported to file '/home/user/Lab-6-Final-Project/Lab-6/Lab-6.sdk/.sdk/launch_scripts/xilinx_c-c++_application_(system_debugger)/system_debugger_using_debug_lab_6_software.elf_on_local.tcl'
12:52:11 INFO  : Connected to target on host '127.0.0.1' and port '3121'.
12:52:11 INFO  : 'targets -set -filter {jtag_cable_name =~ "Digilent Zybo 210279A42D4BA" && level==0} -index 1' command is executed.
12:52:13 INFO  : FPGA configured successfully with bitstream "/home/user/Lab-6-Final-Project/Lab-6/Lab-6.sdk/lab6_block_wrapper_hw_platform_0/lab6_block_wrapper.bit"
12:52:25 INFO  : Disconnected from the channel tcfchan#7.
12:52:26 INFO  : 'targets -set -filter {jtag_cable_name =~ "Digilent Zybo 210279A42D4BA" && level==0} -index 1' command is executed.
12:52:26 INFO  : 'fpga -state' command is executed.
12:52:26 INFO  : Connected to target on host '127.0.0.1' and port '3121'.
12:52:26 INFO  : Jtag cable 'Digilent Zybo 210279A42D4BA' is selected.
12:52:26 INFO  : 'jtag frequency' command is executed.
12:52:26 INFO  : Sourcing of '/home/user/Lab-6-Final-Project/Lab-6/Lab-6.sdk/lab6_block_wrapper_hw_platform_0/ps7_init.tcl' is done.
12:52:27 INFO  : Context for 'APU' is selected.
12:52:28 INFO  : Hardware design information is loaded from '/home/user/Lab-6-Final-Project/Lab-6/Lab-6.sdk/lab6_block_wrapper_hw_platform_0/system.hdf'.
12:52:28 INFO  : 'configparams force-mem-access 1' command is executed.
12:52:28 INFO  : Context for 'APU' is selected.
12:52:28 INFO  : 'stop' command is executed.
12:52:28 INFO  : 'ps7_init' command is executed.
12:52:28 INFO  : 'ps7_post_config' command is executed.
12:52:28 INFO  : Context for processor 'ps7_cortexa9_0' is selected.
12:52:28 INFO  : Processor reset is completed for 'ps7_cortexa9_0'.
12:52:28 INFO  : Context for processor 'ps7_cortexa9_0' is selected.
12:52:28 INFO  : The application '/home/user/Lab-6-Final-Project/Lab-6/Lab-6.sdk/lab_6_software/Debug/lab_6_software.elf' is downloaded to processor 'ps7_cortexa9_0'.
12:52:28 INFO  : 'configparams force-mem-access 0' command is executed.
12:52:28 INFO  : ----------------XSDB Script----------------
connect -url tcp:127.0.0.1:3121
source /home/user/Lab-6-Final-Project/Lab-6/Lab-6.sdk/lab6_block_wrapper_hw_platform_0/ps7_init.tcl
targets -set -nocase -filter {name =~"APU*" && jtag_cable_name =~ "Digilent Zybo 210279A42D4BA"} -index 0
loadhw -hw /home/user/Lab-6-Final-Project/Lab-6/Lab-6.sdk/lab6_block_wrapper_hw_platform_0/system.hdf -mem-ranges [list {0x40000000 0xbfffffff}]
configparams force-mem-access 1
targets -set -nocase -filter {name =~"APU*" && jtag_cable_name =~ "Digilent Zybo 210279A42D4BA"} -index 0
stop
ps7_init
ps7_post_config
targets -set -nocase -filter {name =~ "ARM*#0" && jtag_cable_name =~ "Digilent Zybo 210279A42D4BA"} -index 0
rst -processor
targets -set -nocase -filter {name =~ "ARM*#0" && jtag_cable_name =~ "Digilent Zybo 210279A42D4BA"} -index 0
dow /home/user/Lab-6-Final-Project/Lab-6/Lab-6.sdk/lab_6_software/Debug/lab_6_software.elf
configparams force-mem-access 0
----------------End of Script----------------

12:52:28 INFO  : Memory regions updated for context APU
12:52:28 INFO  : Context for processor 'ps7_cortexa9_0' is selected.
12:52:28 INFO  : 'con' command is executed.
12:52:28 INFO  : ----------------XSDB Script (After Launch)----------------
targets -set -nocase -filter {name =~ "ARM*#0" && jtag_cable_name =~ "Digilent Zybo 210279A42D4BA"} -index 0
con
----------------End of Script----------------

12:52:28 INFO  : Launch script is exported to file '/home/user/Lab-6-Final-Project/Lab-6/Lab-6.sdk/.sdk/launch_scripts/xilinx_c-c++_application_(system_debugger)/system_debugger_using_debug_lab_6_software.elf_on_local.tcl'
12:52:58 INFO  : Connected to target on host '127.0.0.1' and port '3121'.
12:52:58 INFO  : 'targets -set -filter {jtag_cable_name =~ "Digilent Zybo 210279A42D4BA" && level==0} -index 1' command is executed.
12:53:00 INFO  : FPGA configured successfully with bitstream "/home/user/Lab-6-Final-Project/Lab-6/Lab-6.sdk/lab6_block_wrapper_hw_platform_0/lab6_block_wrapper.bit"
12:53:07 INFO  : Disconnected from the channel tcfchan#8.
12:53:08 INFO  : 'targets -set -filter {jtag_cable_name =~ "Digilent Zybo 210279A42D4BA" && level==0} -index 1' command is executed.
12:53:08 INFO  : 'fpga -state' command is executed.
12:53:08 INFO  : Connected to target on host '127.0.0.1' and port '3121'.
12:53:09 INFO  : Jtag cable 'Digilent Zybo 210279A42D4BA' is selected.
12:53:09 INFO  : 'jtag frequency' command is executed.
12:53:09 INFO  : Sourcing of '/home/user/Lab-6-Final-Project/Lab-6/Lab-6.sdk/lab6_block_wrapper_hw_platform_0/ps7_init.tcl' is done.
12:53:09 INFO  : Context for 'APU' is selected.
12:53:10 INFO  : Hardware design information is loaded from '/home/user/Lab-6-Final-Project/Lab-6/Lab-6.sdk/lab6_block_wrapper_hw_platform_0/system.hdf'.
12:53:10 INFO  : 'configparams force-mem-access 1' command is executed.
12:53:10 INFO  : Context for 'APU' is selected.
12:53:10 INFO  : 'stop' command is executed.
12:53:10 INFO  : 'ps7_init' command is executed.
12:53:10 INFO  : 'ps7_post_config' command is executed.
12:53:10 INFO  : Context for processor 'ps7_cortexa9_0' is selected.
12:53:10 INFO  : Processor reset is completed for 'ps7_cortexa9_0'.
12:53:10 INFO  : Context for processor 'ps7_cortexa9_0' is selected.
12:53:10 INFO  : The application '/home/user/Lab-6-Final-Project/Lab-6/Lab-6.sdk/lab_6_software/Debug/lab_6_software.elf' is downloaded to processor 'ps7_cortexa9_0'.
12:53:10 INFO  : 'configparams force-mem-access 0' command is executed.
12:53:10 INFO  : ----------------XSDB Script----------------
connect -url tcp:127.0.0.1:3121
source /home/user/Lab-6-Final-Project/Lab-6/Lab-6.sdk/lab6_block_wrapper_hw_platform_0/ps7_init.tcl
targets -set -nocase -filter {name =~"APU*" && jtag_cable_name =~ "Digilent Zybo 210279A42D4BA"} -index 0
loadhw -hw /home/user/Lab-6-Final-Project/Lab-6/Lab-6.sdk/lab6_block_wrapper_hw_platform_0/system.hdf -mem-ranges [list {0x40000000 0xbfffffff}]
configparams force-mem-access 1
targets -set -nocase -filter {name =~"APU*" && jtag_cable_name =~ "Digilent Zybo 210279A42D4BA"} -index 0
stop
ps7_init
ps7_post_config
targets -set -nocase -filter {name =~ "ARM*#0" && jtag_cable_name =~ "Digilent Zybo 210279A42D4BA"} -index 0
rst -processor
targets -set -nocase -filter {name =~ "ARM*#0" && jtag_cable_name =~ "Digilent Zybo 210279A42D4BA"} -index 0
dow /home/user/Lab-6-Final-Project/Lab-6/Lab-6.sdk/lab_6_software/Debug/lab_6_software.elf
configparams force-mem-access 0
----------------End of Script----------------

12:53:10 INFO  : Memory regions updated for context APU
12:53:10 INFO  : Context for processor 'ps7_cortexa9_0' is selected.
12:53:10 INFO  : 'con' command is executed.
12:53:10 INFO  : ----------------XSDB Script (After Launch)----------------
targets -set -nocase -filter {name =~ "ARM*#0" && jtag_cable_name =~ "Digilent Zybo 210279A42D4BA"} -index 0
con
----------------End of Script----------------

12:53:10 INFO  : Launch script is exported to file '/home/user/Lab-6-Final-Project/Lab-6/Lab-6.sdk/.sdk/launch_scripts/xilinx_c-c++_application_(system_debugger)/system_debugger_using_debug_lab_6_software.elf_on_local.tcl'
12:54:02 INFO  : Disconnected from the channel tcfchan#9.
12:54:03 INFO  : 'targets -set -filter {jtag_cable_name =~ "Digilent Zybo 210279A42D4BA" && level==0} -index 1' command is executed.
12:54:03 INFO  : 'fpga -state' command is executed.
12:54:03 INFO  : Connected to target on host '127.0.0.1' and port '3121'.
12:54:03 INFO  : Jtag cable 'Digilent Zybo 210279A42D4BA' is selected.
12:54:03 INFO  : 'jtag frequency' command is executed.
12:54:03 INFO  : Sourcing of '/home/user/Lab-6-Final-Project/Lab-6/Lab-6.sdk/lab6_block_wrapper_hw_platform_0/ps7_init.tcl' is done.
12:54:03 INFO  : Context for 'APU' is selected.
12:54:04 INFO  : Hardware design information is loaded from '/home/user/Lab-6-Final-Project/Lab-6/Lab-6.sdk/lab6_block_wrapper_hw_platform_0/system.hdf'.
12:54:04 INFO  : 'configparams force-mem-access 1' command is executed.
12:54:04 INFO  : Context for 'APU' is selected.
12:54:04 INFO  : 'stop' command is executed.
12:54:04 INFO  : 'ps7_init' command is executed.
12:54:04 INFO  : 'ps7_post_config' command is executed.
12:54:04 INFO  : Context for processor 'ps7_cortexa9_0' is selected.
12:54:04 INFO  : Processor reset is completed for 'ps7_cortexa9_0'.
12:54:04 INFO  : Context for processor 'ps7_cortexa9_0' is selected.
12:54:04 INFO  : The application '/home/user/Lab-6-Final-Project/Lab-6/Lab-6.sdk/lab_6_software/Debug/lab_6_software.elf' is downloaded to processor 'ps7_cortexa9_0'.
12:54:04 INFO  : 'configparams force-mem-access 0' command is executed.
12:54:04 INFO  : ----------------XSDB Script----------------
connect -url tcp:127.0.0.1:3121
source /home/user/Lab-6-Final-Project/Lab-6/Lab-6.sdk/lab6_block_wrapper_hw_platform_0/ps7_init.tcl
targets -set -nocase -filter {name =~"APU*" && jtag_cable_name =~ "Digilent Zybo 210279A42D4BA"} -index 0
loadhw -hw /home/user/Lab-6-Final-Project/Lab-6/Lab-6.sdk/lab6_block_wrapper_hw_platform_0/system.hdf -mem-ranges [list {0x40000000 0xbfffffff}]
configparams force-mem-access 1
targets -set -nocase -filter {name =~"APU*" && jtag_cable_name =~ "Digilent Zybo 210279A42D4BA"} -index 0
stop
ps7_init
ps7_post_config
targets -set -nocase -filter {name =~ "ARM*#0" && jtag_cable_name =~ "Digilent Zybo 210279A42D4BA"} -index 0
rst -processor
targets -set -nocase -filter {name =~ "ARM*#0" && jtag_cable_name =~ "Digilent Zybo 210279A42D4BA"} -index 0
dow /home/user/Lab-6-Final-Project/Lab-6/Lab-6.sdk/lab_6_software/Debug/lab_6_software.elf
configparams force-mem-access 0
----------------End of Script----------------

12:54:04 INFO  : Memory regions updated for context APU
12:54:05 INFO  : Context for processor 'ps7_cortexa9_0' is selected.
12:54:05 INFO  : 'con' command is executed.
12:54:05 INFO  : ----------------XSDB Script (After Launch)----------------
targets -set -nocase -filter {name =~ "ARM*#0" && jtag_cable_name =~ "Digilent Zybo 210279A42D4BA"} -index 0
con
----------------End of Script----------------

12:54:05 INFO  : Launch script is exported to file '/home/user/Lab-6-Final-Project/Lab-6/Lab-6.sdk/.sdk/launch_scripts/xilinx_c-c++_application_(system_debugger)/system_debugger_using_debug_lab_6_software.elf_on_local.tcl'
12:55:20 INFO  : Disconnected from the channel tcfchan#10.
12:55:21 INFO  : 'targets -set -filter {jtag_cable_name =~ "Digilent Zybo 210279A42D4BA" && level==0} -index 1' command is executed.
12:55:21 INFO  : 'fpga -state' command is executed.
12:55:21 INFO  : Connected to target on host '127.0.0.1' and port '3121'.
12:55:21 INFO  : Jtag cable 'Digilent Zybo 210279A42D4BA' is selected.
12:55:21 INFO  : 'jtag frequency' command is executed.
12:55:21 INFO  : Sourcing of '/home/user/Lab-6-Final-Project/Lab-6/Lab-6.sdk/lab6_block_wrapper_hw_platform_0/ps7_init.tcl' is done.
12:55:21 INFO  : Context for 'APU' is selected.
12:55:22 INFO  : Hardware design information is loaded from '/home/user/Lab-6-Final-Project/Lab-6/Lab-6.sdk/lab6_block_wrapper_hw_platform_0/system.hdf'.
12:55:22 INFO  : 'configparams force-mem-access 1' command is executed.
12:55:22 INFO  : Context for 'APU' is selected.
12:55:22 INFO  : 'stop' command is executed.
12:55:22 INFO  : 'ps7_init' command is executed.
12:55:22 INFO  : 'ps7_post_config' command is executed.
12:55:22 INFO  : Context for processor 'ps7_cortexa9_0' is selected.
12:55:22 INFO  : Processor reset is completed for 'ps7_cortexa9_0'.
12:55:22 INFO  : Context for processor 'ps7_cortexa9_0' is selected.
12:55:22 INFO  : The application '/home/user/Lab-6-Final-Project/Lab-6/Lab-6.sdk/lab_6_software/Debug/lab_6_software.elf' is downloaded to processor 'ps7_cortexa9_0'.
12:55:22 INFO  : 'configparams force-mem-access 0' command is executed.
12:55:22 INFO  : ----------------XSDB Script----------------
connect -url tcp:127.0.0.1:3121
source /home/user/Lab-6-Final-Project/Lab-6/Lab-6.sdk/lab6_block_wrapper_hw_platform_0/ps7_init.tcl
targets -set -nocase -filter {name =~"APU*" && jtag_cable_name =~ "Digilent Zybo 210279A42D4BA"} -index 0
loadhw -hw /home/user/Lab-6-Final-Project/Lab-6/Lab-6.sdk/lab6_block_wrapper_hw_platform_0/system.hdf -mem-ranges [list {0x40000000 0xbfffffff}]
configparams force-mem-access 1
targets -set -nocase -filter {name =~"APU*" && jtag_cable_name =~ "Digilent Zybo 210279A42D4BA"} -index 0
stop
ps7_init
ps7_post_config
targets -set -nocase -filter {name =~ "ARM*#0" && jtag_cable_name =~ "Digilent Zybo 210279A42D4BA"} -index 0
rst -processor
targets -set -nocase -filter {name =~ "ARM*#0" && jtag_cable_name =~ "Digilent Zybo 210279A42D4BA"} -index 0
dow /home/user/Lab-6-Final-Project/Lab-6/Lab-6.sdk/lab_6_software/Debug/lab_6_software.elf
configparams force-mem-access 0
----------------End of Script----------------

12:55:22 INFO  : Memory regions updated for context APU
12:55:22 INFO  : Context for processor 'ps7_cortexa9_0' is selected.
12:55:22 INFO  : 'con' command is executed.
12:55:22 INFO  : ----------------XSDB Script (After Launch)----------------
targets -set -nocase -filter {name =~ "ARM*#0" && jtag_cable_name =~ "Digilent Zybo 210279A42D4BA"} -index 0
con
----------------End of Script----------------

12:55:22 INFO  : Launch script is exported to file '/home/user/Lab-6-Final-Project/Lab-6/Lab-6.sdk/.sdk/launch_scripts/xilinx_c-c++_application_(system_debugger)/system_debugger_using_debug_lab_6_software.elf_on_local.tcl'
12:57:26 INFO  : Disconnected from the channel tcfchan#11.
12:57:27 INFO  : 'targets -set -filter {jtag_cable_name =~ "Digilent Zybo 210279A42D4BA" && level==0} -index 1' command is executed.
12:57:27 INFO  : 'fpga -state' command is executed.
12:57:27 INFO  : Connected to target on host '127.0.0.1' and port '3121'.
12:57:27 INFO  : Jtag cable 'Digilent Zybo 210279A42D4BA' is selected.
12:57:27 INFO  : 'jtag frequency' command is executed.
12:57:27 INFO  : Sourcing of '/home/user/Lab-6-Final-Project/Lab-6/Lab-6.sdk/lab6_block_wrapper_hw_platform_0/ps7_init.tcl' is done.
12:57:27 INFO  : Context for 'APU' is selected.
12:57:28 INFO  : Hardware design information is loaded from '/home/user/Lab-6-Final-Project/Lab-6/Lab-6.sdk/lab6_block_wrapper_hw_platform_0/system.hdf'.
12:57:28 INFO  : 'configparams force-mem-access 1' command is executed.
12:57:28 INFO  : Context for 'APU' is selected.
12:57:28 INFO  : 'stop' command is executed.
12:57:28 INFO  : 'ps7_init' command is executed.
12:57:28 INFO  : 'ps7_post_config' command is executed.
12:57:28 INFO  : Context for processor 'ps7_cortexa9_0' is selected.
12:57:28 INFO  : Processor reset is completed for 'ps7_cortexa9_0'.
12:57:28 INFO  : Context for processor 'ps7_cortexa9_0' is selected.
12:57:28 INFO  : The application '/home/user/Lab-6-Final-Project/Lab-6/Lab-6.sdk/lab_6_software/Debug/lab_6_software.elf' is downloaded to processor 'ps7_cortexa9_0'.
12:57:28 INFO  : 'configparams force-mem-access 0' command is executed.
12:57:28 INFO  : ----------------XSDB Script----------------
connect -url tcp:127.0.0.1:3121
source /home/user/Lab-6-Final-Project/Lab-6/Lab-6.sdk/lab6_block_wrapper_hw_platform_0/ps7_init.tcl
targets -set -nocase -filter {name =~"APU*" && jtag_cable_name =~ "Digilent Zybo 210279A42D4BA"} -index 0
loadhw -hw /home/user/Lab-6-Final-Project/Lab-6/Lab-6.sdk/lab6_block_wrapper_hw_platform_0/system.hdf -mem-ranges [list {0x40000000 0xbfffffff}]
configparams force-mem-access 1
targets -set -nocase -filter {name =~"APU*" && jtag_cable_name =~ "Digilent Zybo 210279A42D4BA"} -index 0
stop
ps7_init
ps7_post_config
targets -set -nocase -filter {name =~ "ARM*#0" && jtag_cable_name =~ "Digilent Zybo 210279A42D4BA"} -index 0
rst -processor
targets -set -nocase -filter {name =~ "ARM*#0" && jtag_cable_name =~ "Digilent Zybo 210279A42D4BA"} -index 0
dow /home/user/Lab-6-Final-Project/Lab-6/Lab-6.sdk/lab_6_software/Debug/lab_6_software.elf
configparams force-mem-access 0
----------------End of Script----------------

12:57:28 INFO  : Memory regions updated for context APU
12:57:28 INFO  : Context for processor 'ps7_cortexa9_0' is selected.
12:57:28 INFO  : 'con' command is executed.
12:57:28 INFO  : ----------------XSDB Script (After Launch)----------------
targets -set -nocase -filter {name =~ "ARM*#0" && jtag_cable_name =~ "Digilent Zybo 210279A42D4BA"} -index 0
con
----------------End of Script----------------

12:57:28 INFO  : Launch script is exported to file '/home/user/Lab-6-Final-Project/Lab-6/Lab-6.sdk/.sdk/launch_scripts/xilinx_c-c++_application_(system_debugger)/system_debugger_using_debug_lab_6_software.elf_on_local.tcl'
13:00:34 INFO  : Disconnected from the channel tcfchan#12.
13:00:35 INFO  : 'targets -set -filter {jtag_cable_name =~ "Digilent Zybo 210279A42D4BA" && level==0} -index 1' command is executed.
13:00:35 INFO  : 'fpga -state' command is executed.
13:00:35 INFO  : Connected to target on host '127.0.0.1' and port '3121'.
13:00:35 INFO  : Jtag cable 'Digilent Zybo 210279A42D4BA' is selected.
13:00:35 INFO  : 'jtag frequency' command is executed.
13:00:35 INFO  : Sourcing of '/home/user/Lab-6-Final-Project/Lab-6/Lab-6.sdk/lab6_block_wrapper_hw_platform_0/ps7_init.tcl' is done.
13:00:35 INFO  : Context for 'APU' is selected.
13:00:36 INFO  : Hardware design information is loaded from '/home/user/Lab-6-Final-Project/Lab-6/Lab-6.sdk/lab6_block_wrapper_hw_platform_0/system.hdf'.
13:00:36 INFO  : 'configparams force-mem-access 1' command is executed.
13:00:36 INFO  : Context for 'APU' is selected.
13:00:36 INFO  : 'stop' command is executed.
13:00:36 INFO  : 'ps7_init' command is executed.
13:00:36 INFO  : 'ps7_post_config' command is executed.
13:00:36 INFO  : Context for processor 'ps7_cortexa9_0' is selected.
13:00:36 INFO  : Processor reset is completed for 'ps7_cortexa9_0'.
13:00:36 INFO  : Context for processor 'ps7_cortexa9_0' is selected.
13:00:37 INFO  : The application '/home/user/Lab-6-Final-Project/Lab-6/Lab-6.sdk/lab_6_software/Debug/lab_6_software.elf' is downloaded to processor 'ps7_cortexa9_0'.
13:00:37 INFO  : 'configparams force-mem-access 0' command is executed.
13:00:37 INFO  : ----------------XSDB Script----------------
connect -url tcp:127.0.0.1:3121
source /home/user/Lab-6-Final-Project/Lab-6/Lab-6.sdk/lab6_block_wrapper_hw_platform_0/ps7_init.tcl
targets -set -nocase -filter {name =~"APU*" && jtag_cable_name =~ "Digilent Zybo 210279A42D4BA"} -index 0
loadhw -hw /home/user/Lab-6-Final-Project/Lab-6/Lab-6.sdk/lab6_block_wrapper_hw_platform_0/system.hdf -mem-ranges [list {0x40000000 0xbfffffff}]
configparams force-mem-access 1
targets -set -nocase -filter {name =~"APU*" && jtag_cable_name =~ "Digilent Zybo 210279A42D4BA"} -index 0
stop
ps7_init
ps7_post_config
targets -set -nocase -filter {name =~ "ARM*#0" && jtag_cable_name =~ "Digilent Zybo 210279A42D4BA"} -index 0
rst -processor
targets -set -nocase -filter {name =~ "ARM*#0" && jtag_cable_name =~ "Digilent Zybo 210279A42D4BA"} -index 0
dow /home/user/Lab-6-Final-Project/Lab-6/Lab-6.sdk/lab_6_software/Debug/lab_6_software.elf
configparams force-mem-access 0
----------------End of Script----------------

13:00:37 INFO  : Memory regions updated for context APU
13:00:37 INFO  : Context for processor 'ps7_cortexa9_0' is selected.
13:00:37 INFO  : 'con' command is executed.
13:00:37 INFO  : ----------------XSDB Script (After Launch)----------------
targets -set -nocase -filter {name =~ "ARM*#0" && jtag_cable_name =~ "Digilent Zybo 210279A42D4BA"} -index 0
con
----------------End of Script----------------

13:00:37 INFO  : Launch script is exported to file '/home/user/Lab-6-Final-Project/Lab-6/Lab-6.sdk/.sdk/launch_scripts/xilinx_c-c++_application_(system_debugger)/system_debugger_using_debug_lab_6_software.elf_on_local.tcl'
13:10:50 INFO  : Disconnected from the channel tcfchan#13.
13:10:51 INFO  : 'targets -set -filter {jtag_cable_name =~ "Digilent Zybo 210279A42D4BA" && level==0} -index 1' command is executed.
13:10:51 INFO  : 'fpga -state' command is executed.
13:10:51 INFO  : Connected to target on host '127.0.0.1' and port '3121'.
13:10:51 INFO  : Jtag cable 'Digilent Zybo 210279A42D4BA' is selected.
13:10:51 INFO  : 'jtag frequency' command is executed.
13:10:51 INFO  : Sourcing of '/home/user/Lab-6-Final-Project/Lab-6/Lab-6.sdk/lab6_block_wrapper_hw_platform_0/ps7_init.tcl' is done.
13:10:51 INFO  : Context for 'APU' is selected.
13:10:52 INFO  : Hardware design information is loaded from '/home/user/Lab-6-Final-Project/Lab-6/Lab-6.sdk/lab6_block_wrapper_hw_platform_0/system.hdf'.
13:10:52 INFO  : 'configparams force-mem-access 1' command is executed.
13:10:52 INFO  : Context for 'APU' is selected.
13:10:52 INFO  : 'stop' command is executed.
13:10:53 INFO  : 'ps7_init' command is executed.
13:10:53 INFO  : 'ps7_post_config' command is executed.
13:10:53 INFO  : Context for processor 'ps7_cortexa9_0' is selected.
13:10:53 INFO  : Processor reset is completed for 'ps7_cortexa9_0'.
13:10:53 INFO  : Context for processor 'ps7_cortexa9_0' is selected.
13:10:53 INFO  : The application '/home/user/Lab-6-Final-Project/Lab-6/Lab-6.sdk/lab_6_software/Debug/lab_6_software.elf' is downloaded to processor 'ps7_cortexa9_0'.
13:10:53 INFO  : 'configparams force-mem-access 0' command is executed.
13:10:53 INFO  : ----------------XSDB Script----------------
connect -url tcp:127.0.0.1:3121
source /home/user/Lab-6-Final-Project/Lab-6/Lab-6.sdk/lab6_block_wrapper_hw_platform_0/ps7_init.tcl
targets -set -nocase -filter {name =~"APU*" && jtag_cable_name =~ "Digilent Zybo 210279A42D4BA"} -index 0
loadhw -hw /home/user/Lab-6-Final-Project/Lab-6/Lab-6.sdk/lab6_block_wrapper_hw_platform_0/system.hdf -mem-ranges [list {0x40000000 0xbfffffff}]
configparams force-mem-access 1
targets -set -nocase -filter {name =~"APU*" && jtag_cable_name =~ "Digilent Zybo 210279A42D4BA"} -index 0
stop
ps7_init
ps7_post_config
targets -set -nocase -filter {name =~ "ARM*#0" && jtag_cable_name =~ "Digilent Zybo 210279A42D4BA"} -index 0
rst -processor
targets -set -nocase -filter {name =~ "ARM*#0" && jtag_cable_name =~ "Digilent Zybo 210279A42D4BA"} -index 0
dow /home/user/Lab-6-Final-Project/Lab-6/Lab-6.sdk/lab_6_software/Debug/lab_6_software.elf
configparams force-mem-access 0
----------------End of Script----------------

13:10:53 INFO  : Memory regions updated for context APU
13:10:53 INFO  : Context for processor 'ps7_cortexa9_0' is selected.
13:10:53 INFO  : 'con' command is executed.
13:10:53 INFO  : ----------------XSDB Script (After Launch)----------------
targets -set -nocase -filter {name =~ "ARM*#0" && jtag_cable_name =~ "Digilent Zybo 210279A42D4BA"} -index 0
con
----------------End of Script----------------

13:10:53 INFO  : Launch script is exported to file '/home/user/Lab-6-Final-Project/Lab-6/Lab-6.sdk/.sdk/launch_scripts/xilinx_c-c++_application_(system_debugger)/system_debugger_using_debug_lab_6_software.elf_on_local.tcl'
13:11:21 INFO  : Disconnected from the channel tcfchan#14.
13:11:22 INFO  : 'targets -set -filter {jtag_cable_name =~ "Digilent Zybo 210279A42D4BA" && level==0} -index 1' command is executed.
13:11:22 INFO  : 'fpga -state' command is executed.
13:11:22 INFO  : Connected to target on host '127.0.0.1' and port '3121'.
13:11:22 INFO  : Jtag cable 'Digilent Zybo 210279A42D4BA' is selected.
13:11:22 INFO  : 'jtag frequency' command is executed.
13:11:22 INFO  : Sourcing of '/home/user/Lab-6-Final-Project/Lab-6/Lab-6.sdk/lab6_block_wrapper_hw_platform_0/ps7_init.tcl' is done.
13:11:22 INFO  : Context for 'APU' is selected.
13:11:23 INFO  : Hardware design information is loaded from '/home/user/Lab-6-Final-Project/Lab-6/Lab-6.sdk/lab6_block_wrapper_hw_platform_0/system.hdf'.
13:11:23 INFO  : 'configparams force-mem-access 1' command is executed.
13:11:23 INFO  : Context for 'APU' is selected.
13:11:23 INFO  : 'stop' command is executed.
13:11:23 INFO  : 'ps7_init' command is executed.
13:11:23 INFO  : 'ps7_post_config' command is executed.
13:11:23 INFO  : Context for processor 'ps7_cortexa9_0' is selected.
13:11:23 INFO  : Processor reset is completed for 'ps7_cortexa9_0'.
13:11:23 INFO  : Context for processor 'ps7_cortexa9_0' is selected.
13:11:23 INFO  : The application '/home/user/Lab-6-Final-Project/Lab-6/Lab-6.sdk/lab_6_software/Debug/lab_6_software.elf' is downloaded to processor 'ps7_cortexa9_0'.
13:11:23 INFO  : 'configparams force-mem-access 0' command is executed.
13:11:23 INFO  : ----------------XSDB Script----------------
connect -url tcp:127.0.0.1:3121
source /home/user/Lab-6-Final-Project/Lab-6/Lab-6.sdk/lab6_block_wrapper_hw_platform_0/ps7_init.tcl
targets -set -nocase -filter {name =~"APU*" && jtag_cable_name =~ "Digilent Zybo 210279A42D4BA"} -index 0
loadhw -hw /home/user/Lab-6-Final-Project/Lab-6/Lab-6.sdk/lab6_block_wrapper_hw_platform_0/system.hdf -mem-ranges [list {0x40000000 0xbfffffff}]
configparams force-mem-access 1
targets -set -nocase -filter {name =~"APU*" && jtag_cable_name =~ "Digilent Zybo 210279A42D4BA"} -index 0
stop
ps7_init
ps7_post_config
targets -set -nocase -filter {name =~ "ARM*#0" && jtag_cable_name =~ "Digilent Zybo 210279A42D4BA"} -index 0
rst -processor
targets -set -nocase -filter {name =~ "ARM*#0" && jtag_cable_name =~ "Digilent Zybo 210279A42D4BA"} -index 0
dow /home/user/Lab-6-Final-Project/Lab-6/Lab-6.sdk/lab_6_software/Debug/lab_6_software.elf
configparams force-mem-access 0
----------------End of Script----------------

13:11:23 INFO  : Memory regions updated for context APU
13:11:23 INFO  : Context for processor 'ps7_cortexa9_0' is selected.
13:11:23 INFO  : 'con' command is executed.
13:11:23 INFO  : ----------------XSDB Script (After Launch)----------------
targets -set -nocase -filter {name =~ "ARM*#0" && jtag_cable_name =~ "Digilent Zybo 210279A42D4BA"} -index 0
con
----------------End of Script----------------

13:11:23 INFO  : Launch script is exported to file '/home/user/Lab-6-Final-Project/Lab-6/Lab-6.sdk/.sdk/launch_scripts/xilinx_c-c++_application_(system_debugger)/system_debugger_using_debug_lab_6_software.elf_on_local.tcl'
13:13:28 INFO  : Disconnected from the channel tcfchan#15.
13:13:29 INFO  : 'targets -set -filter {jtag_cable_name =~ "Digilent Zybo 210279A42D4BA" && level==0} -index 1' command is executed.
13:13:29 INFO  : 'fpga -state' command is executed.
13:13:29 INFO  : Connected to target on host '127.0.0.1' and port '3121'.
13:13:29 INFO  : Jtag cable 'Digilent Zybo 210279A42D4BA' is selected.
13:13:29 INFO  : 'jtag frequency' command is executed.
13:13:29 INFO  : Sourcing of '/home/user/Lab-6-Final-Project/Lab-6/Lab-6.sdk/lab6_block_wrapper_hw_platform_0/ps7_init.tcl' is done.
13:13:29 INFO  : Context for 'APU' is selected.
13:13:30 INFO  : Hardware design information is loaded from '/home/user/Lab-6-Final-Project/Lab-6/Lab-6.sdk/lab6_block_wrapper_hw_platform_0/system.hdf'.
13:13:30 INFO  : 'configparams force-mem-access 1' command is executed.
13:13:30 INFO  : Context for 'APU' is selected.
13:13:30 INFO  : 'stop' command is executed.
13:13:30 INFO  : 'ps7_init' command is executed.
13:13:30 INFO  : 'ps7_post_config' command is executed.
13:13:30 INFO  : Context for processor 'ps7_cortexa9_0' is selected.
13:13:30 INFO  : Processor reset is completed for 'ps7_cortexa9_0'.
13:13:31 INFO  : Context for processor 'ps7_cortexa9_0' is selected.
13:13:31 INFO  : The application '/home/user/Lab-6-Final-Project/Lab-6/Lab-6.sdk/lab_6_software/Debug/lab_6_software.elf' is downloaded to processor 'ps7_cortexa9_0'.
13:13:31 INFO  : 'configparams force-mem-access 0' command is executed.
13:13:31 INFO  : ----------------XSDB Script----------------
connect -url tcp:127.0.0.1:3121
source /home/user/Lab-6-Final-Project/Lab-6/Lab-6.sdk/lab6_block_wrapper_hw_platform_0/ps7_init.tcl
targets -set -nocase -filter {name =~"APU*" && jtag_cable_name =~ "Digilent Zybo 210279A42D4BA"} -index 0
loadhw -hw /home/user/Lab-6-Final-Project/Lab-6/Lab-6.sdk/lab6_block_wrapper_hw_platform_0/system.hdf -mem-ranges [list {0x40000000 0xbfffffff}]
configparams force-mem-access 1
targets -set -nocase -filter {name =~"APU*" && jtag_cable_name =~ "Digilent Zybo 210279A42D4BA"} -index 0
stop
ps7_init
ps7_post_config
targets -set -nocase -filter {name =~ "ARM*#0" && jtag_cable_name =~ "Digilent Zybo 210279A42D4BA"} -index 0
rst -processor
targets -set -nocase -filter {name =~ "ARM*#0" && jtag_cable_name =~ "Digilent Zybo 210279A42D4BA"} -index 0
dow /home/user/Lab-6-Final-Project/Lab-6/Lab-6.sdk/lab_6_software/Debug/lab_6_software.elf
configparams force-mem-access 0
----------------End of Script----------------

13:13:31 INFO  : Memory regions updated for context APU
13:13:31 INFO  : Context for processor 'ps7_cortexa9_0' is selected.
13:13:31 INFO  : 'con' command is executed.
13:13:31 INFO  : ----------------XSDB Script (After Launch)----------------
targets -set -nocase -filter {name =~ "ARM*#0" && jtag_cable_name =~ "Digilent Zybo 210279A42D4BA"} -index 0
con
----------------End of Script----------------

13:13:31 INFO  : Launch script is exported to file '/home/user/Lab-6-Final-Project/Lab-6/Lab-6.sdk/.sdk/launch_scripts/xilinx_c-c++_application_(system_debugger)/system_debugger_using_debug_lab_6_software.elf_on_local.tcl'
13:13:56 INFO  : Disconnected from the channel tcfchan#16.
13:13:57 INFO  : 'targets -set -filter {jtag_cable_name =~ "Digilent Zybo 210279A42D4BA" && level==0} -index 1' command is executed.
13:13:57 INFO  : 'fpga -state' command is executed.
13:13:57 INFO  : Connected to target on host '127.0.0.1' and port '3121'.
13:13:57 INFO  : Jtag cable 'Digilent Zybo 210279A42D4BA' is selected.
13:13:57 INFO  : 'jtag frequency' command is executed.
13:13:57 INFO  : Sourcing of '/home/user/Lab-6-Final-Project/Lab-6/Lab-6.sdk/lab6_block_wrapper_hw_platform_0/ps7_init.tcl' is done.
13:13:57 INFO  : Context for 'APU' is selected.
13:13:58 INFO  : Hardware design information is loaded from '/home/user/Lab-6-Final-Project/Lab-6/Lab-6.sdk/lab6_block_wrapper_hw_platform_0/system.hdf'.
13:13:58 INFO  : 'configparams force-mem-access 1' command is executed.
13:13:59 INFO  : Context for 'APU' is selected.
13:13:59 INFO  : 'stop' command is executed.
13:13:59 INFO  : 'ps7_init' command is executed.
13:13:59 INFO  : 'ps7_post_config' command is executed.
13:13:59 INFO  : Context for processor 'ps7_cortexa9_0' is selected.
13:13:59 INFO  : Processor reset is completed for 'ps7_cortexa9_0'.
13:13:59 INFO  : Context for processor 'ps7_cortexa9_0' is selected.
13:13:59 INFO  : The application '/home/user/Lab-6-Final-Project/Lab-6/Lab-6.sdk/lab_6_software/Debug/lab_6_software.elf' is downloaded to processor 'ps7_cortexa9_0'.
13:13:59 INFO  : 'configparams force-mem-access 0' command is executed.
13:13:59 INFO  : ----------------XSDB Script----------------
connect -url tcp:127.0.0.1:3121
source /home/user/Lab-6-Final-Project/Lab-6/Lab-6.sdk/lab6_block_wrapper_hw_platform_0/ps7_init.tcl
targets -set -nocase -filter {name =~"APU*" && jtag_cable_name =~ "Digilent Zybo 210279A42D4BA"} -index 0
loadhw -hw /home/user/Lab-6-Final-Project/Lab-6/Lab-6.sdk/lab6_block_wrapper_hw_platform_0/system.hdf -mem-ranges [list {0x40000000 0xbfffffff}]
configparams force-mem-access 1
targets -set -nocase -filter {name =~"APU*" && jtag_cable_name =~ "Digilent Zybo 210279A42D4BA"} -index 0
stop
ps7_init
ps7_post_config
targets -set -nocase -filter {name =~ "ARM*#0" && jtag_cable_name =~ "Digilent Zybo 210279A42D4BA"} -index 0
rst -processor
targets -set -nocase -filter {name =~ "ARM*#0" && jtag_cable_name =~ "Digilent Zybo 210279A42D4BA"} -index 0
dow /home/user/Lab-6-Final-Project/Lab-6/Lab-6.sdk/lab_6_software/Debug/lab_6_software.elf
configparams force-mem-access 0
----------------End of Script----------------

13:13:59 INFO  : Memory regions updated for context APU
13:13:59 INFO  : Context for processor 'ps7_cortexa9_0' is selected.
13:13:59 INFO  : 'con' command is executed.
13:13:59 INFO  : ----------------XSDB Script (After Launch)----------------
targets -set -nocase -filter {name =~ "ARM*#0" && jtag_cable_name =~ "Digilent Zybo 210279A42D4BA"} -index 0
con
----------------End of Script----------------

13:13:59 INFO  : Launch script is exported to file '/home/user/Lab-6-Final-Project/Lab-6/Lab-6.sdk/.sdk/launch_scripts/xilinx_c-c++_application_(system_debugger)/system_debugger_using_debug_lab_6_software.elf_on_local.tcl'
13:14:34 INFO  : Disconnected from the channel tcfchan#17.
13:14:35 INFO  : 'targets -set -filter {jtag_cable_name =~ "Digilent Zybo 210279A42D4BA" && level==0} -index 1' command is executed.
13:14:35 INFO  : 'fpga -state' command is executed.
13:14:35 INFO  : Connected to target on host '127.0.0.1' and port '3121'.
13:14:35 INFO  : Jtag cable 'Digilent Zybo 210279A42D4BA' is selected.
13:14:35 INFO  : 'jtag frequency' command is executed.
13:14:35 INFO  : Sourcing of '/home/user/Lab-6-Final-Project/Lab-6/Lab-6.sdk/lab6_block_wrapper_hw_platform_0/ps7_init.tcl' is done.
13:14:35 INFO  : Context for 'APU' is selected.
13:14:36 INFO  : Hardware design information is loaded from '/home/user/Lab-6-Final-Project/Lab-6/Lab-6.sdk/lab6_block_wrapper_hw_platform_0/system.hdf'.
13:14:36 INFO  : 'configparams force-mem-access 1' command is executed.
13:14:36 INFO  : Context for 'APU' is selected.
13:14:36 INFO  : 'stop' command is executed.
13:14:36 INFO  : 'ps7_init' command is executed.
13:14:36 INFO  : 'ps7_post_config' command is executed.
13:14:36 INFO  : Context for processor 'ps7_cortexa9_0' is selected.
13:14:36 INFO  : Processor reset is completed for 'ps7_cortexa9_0'.
13:14:36 INFO  : Context for processor 'ps7_cortexa9_0' is selected.
13:14:36 INFO  : The application '/home/user/Lab-6-Final-Project/Lab-6/Lab-6.sdk/lab_6_software/Debug/lab_6_software.elf' is downloaded to processor 'ps7_cortexa9_0'.
13:14:36 INFO  : 'configparams force-mem-access 0' command is executed.
13:14:36 INFO  : ----------------XSDB Script----------------
connect -url tcp:127.0.0.1:3121
source /home/user/Lab-6-Final-Project/Lab-6/Lab-6.sdk/lab6_block_wrapper_hw_platform_0/ps7_init.tcl
targets -set -nocase -filter {name =~"APU*" && jtag_cable_name =~ "Digilent Zybo 210279A42D4BA"} -index 0
loadhw -hw /home/user/Lab-6-Final-Project/Lab-6/Lab-6.sdk/lab6_block_wrapper_hw_platform_0/system.hdf -mem-ranges [list {0x40000000 0xbfffffff}]
configparams force-mem-access 1
targets -set -nocase -filter {name =~"APU*" && jtag_cable_name =~ "Digilent Zybo 210279A42D4BA"} -index 0
stop
ps7_init
ps7_post_config
targets -set -nocase -filter {name =~ "ARM*#0" && jtag_cable_name =~ "Digilent Zybo 210279A42D4BA"} -index 0
rst -processor
targets -set -nocase -filter {name =~ "ARM*#0" && jtag_cable_name =~ "Digilent Zybo 210279A42D4BA"} -index 0
dow /home/user/Lab-6-Final-Project/Lab-6/Lab-6.sdk/lab_6_software/Debug/lab_6_software.elf
configparams force-mem-access 0
----------------End of Script----------------

13:14:36 INFO  : Memory regions updated for context APU
13:14:36 INFO  : Context for processor 'ps7_cortexa9_0' is selected.
13:14:36 INFO  : 'con' command is executed.
13:14:36 INFO  : ----------------XSDB Script (After Launch)----------------
targets -set -nocase -filter {name =~ "ARM*#0" && jtag_cable_name =~ "Digilent Zybo 210279A42D4BA"} -index 0
con
----------------End of Script----------------

13:14:36 INFO  : Launch script is exported to file '/home/user/Lab-6-Final-Project/Lab-6/Lab-6.sdk/.sdk/launch_scripts/xilinx_c-c++_application_(system_debugger)/system_debugger_using_debug_lab_6_software.elf_on_local.tcl'
13:16:27 INFO  : Disconnected from the channel tcfchan#18.
13:16:28 INFO  : 'targets -set -filter {jtag_cable_name =~ "Digilent Zybo 210279A42D4BA" && level==0} -index 1' command is executed.
13:16:28 INFO  : 'fpga -state' command is executed.
13:16:28 INFO  : Connected to target on host '127.0.0.1' and port '3121'.
13:16:28 INFO  : Jtag cable 'Digilent Zybo 210279A42D4BA' is selected.
13:16:28 INFO  : 'jtag frequency' command is executed.
13:16:28 INFO  : Sourcing of '/home/user/Lab-6-Final-Project/Lab-6/Lab-6.sdk/lab6_block_wrapper_hw_platform_0/ps7_init.tcl' is done.
13:16:28 INFO  : Context for 'APU' is selected.
13:16:30 INFO  : Hardware design information is loaded from '/home/user/Lab-6-Final-Project/Lab-6/Lab-6.sdk/lab6_block_wrapper_hw_platform_0/system.hdf'.
13:16:30 INFO  : 'configparams force-mem-access 1' command is executed.
13:16:30 INFO  : Context for 'APU' is selected.
13:16:30 INFO  : 'stop' command is executed.
13:16:30 INFO  : 'ps7_init' command is executed.
13:16:30 INFO  : 'ps7_post_config' command is executed.
13:16:30 INFO  : Context for processor 'ps7_cortexa9_0' is selected.
13:16:30 INFO  : Processor reset is completed for 'ps7_cortexa9_0'.
13:16:30 INFO  : Context for processor 'ps7_cortexa9_0' is selected.
13:16:30 INFO  : The application '/home/user/Lab-6-Final-Project/Lab-6/Lab-6.sdk/lab_6_software/Debug/lab_6_software.elf' is downloaded to processor 'ps7_cortexa9_0'.
13:16:30 INFO  : 'configparams force-mem-access 0' command is executed.
13:16:30 INFO  : ----------------XSDB Script----------------
connect -url tcp:127.0.0.1:3121
source /home/user/Lab-6-Final-Project/Lab-6/Lab-6.sdk/lab6_block_wrapper_hw_platform_0/ps7_init.tcl
targets -set -nocase -filter {name =~"APU*" && jtag_cable_name =~ "Digilent Zybo 210279A42D4BA"} -index 0
loadhw -hw /home/user/Lab-6-Final-Project/Lab-6/Lab-6.sdk/lab6_block_wrapper_hw_platform_0/system.hdf -mem-ranges [list {0x40000000 0xbfffffff}]
configparams force-mem-access 1
targets -set -nocase -filter {name =~"APU*" && jtag_cable_name =~ "Digilent Zybo 210279A42D4BA"} -index 0
stop
ps7_init
ps7_post_config
targets -set -nocase -filter {name =~ "ARM*#0" && jtag_cable_name =~ "Digilent Zybo 210279A42D4BA"} -index 0
rst -processor
targets -set -nocase -filter {name =~ "ARM*#0" && jtag_cable_name =~ "Digilent Zybo 210279A42D4BA"} -index 0
dow /home/user/Lab-6-Final-Project/Lab-6/Lab-6.sdk/lab_6_software/Debug/lab_6_software.elf
configparams force-mem-access 0
----------------End of Script----------------

13:16:30 INFO  : Memory regions updated for context APU
13:16:30 INFO  : Context for processor 'ps7_cortexa9_0' is selected.
13:16:30 INFO  : 'con' command is executed.
13:16:30 INFO  : ----------------XSDB Script (After Launch)----------------
targets -set -nocase -filter {name =~ "ARM*#0" && jtag_cable_name =~ "Digilent Zybo 210279A42D4BA"} -index 0
con
----------------End of Script----------------

13:16:30 INFO  : Launch script is exported to file '/home/user/Lab-6-Final-Project/Lab-6/Lab-6.sdk/.sdk/launch_scripts/xilinx_c-c++_application_(system_debugger)/system_debugger_using_debug_lab_6_software.elf_on_local.tcl'
13:19:40 INFO  : Disconnected from the channel tcfchan#19.
13:19:41 INFO  : 'targets -set -filter {jtag_cable_name =~ "Digilent Zybo 210279A42D4BA" && level==0} -index 1' command is executed.
13:19:41 INFO  : 'fpga -state' command is executed.
13:19:41 INFO  : Connected to target on host '127.0.0.1' and port '3121'.
13:19:41 INFO  : Jtag cable 'Digilent Zybo 210279A42D4BA' is selected.
13:19:41 INFO  : 'jtag frequency' command is executed.
13:19:41 INFO  : Sourcing of '/home/user/Lab-6-Final-Project/Lab-6/Lab-6.sdk/lab6_block_wrapper_hw_platform_0/ps7_init.tcl' is done.
13:19:41 INFO  : Context for 'APU' is selected.
13:19:42 INFO  : Hardware design information is loaded from '/home/user/Lab-6-Final-Project/Lab-6/Lab-6.sdk/lab6_block_wrapper_hw_platform_0/system.hdf'.
13:19:42 INFO  : 'configparams force-mem-access 1' command is executed.
13:19:42 INFO  : Context for 'APU' is selected.
13:19:42 INFO  : 'stop' command is executed.
13:19:42 INFO  : 'ps7_init' command is executed.
13:19:42 INFO  : 'ps7_post_config' command is executed.
13:19:42 INFO  : Context for processor 'ps7_cortexa9_0' is selected.
13:19:42 INFO  : Processor reset is completed for 'ps7_cortexa9_0'.
13:19:42 INFO  : Context for processor 'ps7_cortexa9_0' is selected.
13:19:42 INFO  : The application '/home/user/Lab-6-Final-Project/Lab-6/Lab-6.sdk/lab_6_software/Debug/lab_6_software.elf' is downloaded to processor 'ps7_cortexa9_0'.
13:19:42 INFO  : 'configparams force-mem-access 0' command is executed.
13:19:42 INFO  : ----------------XSDB Script----------------
connect -url tcp:127.0.0.1:3121
source /home/user/Lab-6-Final-Project/Lab-6/Lab-6.sdk/lab6_block_wrapper_hw_platform_0/ps7_init.tcl
targets -set -nocase -filter {name =~"APU*" && jtag_cable_name =~ "Digilent Zybo 210279A42D4BA"} -index 0
loadhw -hw /home/user/Lab-6-Final-Project/Lab-6/Lab-6.sdk/lab6_block_wrapper_hw_platform_0/system.hdf -mem-ranges [list {0x40000000 0xbfffffff}]
configparams force-mem-access 1
targets -set -nocase -filter {name =~"APU*" && jtag_cable_name =~ "Digilent Zybo 210279A42D4BA"} -index 0
stop
ps7_init
ps7_post_config
targets -set -nocase -filter {name =~ "ARM*#0" && jtag_cable_name =~ "Digilent Zybo 210279A42D4BA"} -index 0
rst -processor
targets -set -nocase -filter {name =~ "ARM*#0" && jtag_cable_name =~ "Digilent Zybo 210279A42D4BA"} -index 0
dow /home/user/Lab-6-Final-Project/Lab-6/Lab-6.sdk/lab_6_software/Debug/lab_6_software.elf
configparams force-mem-access 0
----------------End of Script----------------

13:19:42 INFO  : Memory regions updated for context APU
13:19:42 INFO  : Context for processor 'ps7_cortexa9_0' is selected.
13:19:43 INFO  : 'con' command is executed.
13:19:43 INFO  : ----------------XSDB Script (After Launch)----------------
targets -set -nocase -filter {name =~ "ARM*#0" && jtag_cable_name =~ "Digilent Zybo 210279A42D4BA"} -index 0
con
----------------End of Script----------------

13:19:43 INFO  : Launch script is exported to file '/home/user/Lab-6-Final-Project/Lab-6/Lab-6.sdk/.sdk/launch_scripts/xilinx_c-c++_application_(system_debugger)/system_debugger_using_debug_lab_6_software.elf_on_local.tcl'
13:20:35 INFO  : Disconnected from the channel tcfchan#20.
13:20:36 INFO  : 'targets -set -filter {jtag_cable_name =~ "Digilent Zybo 210279A42D4BA" && level==0} -index 1' command is executed.
13:20:36 INFO  : 'fpga -state' command is executed.
13:20:36 INFO  : Connected to target on host '127.0.0.1' and port '3121'.
13:20:36 INFO  : Jtag cable 'Digilent Zybo 210279A42D4BA' is selected.
13:20:36 INFO  : 'jtag frequency' command is executed.
13:20:36 INFO  : Sourcing of '/home/user/Lab-6-Final-Project/Lab-6/Lab-6.sdk/lab6_block_wrapper_hw_platform_0/ps7_init.tcl' is done.
13:20:36 INFO  : Context for 'APU' is selected.
13:20:37 INFO  : Hardware design information is loaded from '/home/user/Lab-6-Final-Project/Lab-6/Lab-6.sdk/lab6_block_wrapper_hw_platform_0/system.hdf'.
13:20:37 INFO  : 'configparams force-mem-access 1' command is executed.
13:20:37 INFO  : Context for 'APU' is selected.
13:20:37 INFO  : 'stop' command is executed.
13:20:37 INFO  : 'ps7_init' command is executed.
13:20:37 INFO  : 'ps7_post_config' command is executed.
13:20:38 INFO  : Context for processor 'ps7_cortexa9_0' is selected.
13:20:38 INFO  : Processor reset is completed for 'ps7_cortexa9_0'.
13:20:38 INFO  : Context for processor 'ps7_cortexa9_0' is selected.
13:20:38 INFO  : The application '/home/user/Lab-6-Final-Project/Lab-6/Lab-6.sdk/lab_6_software/Debug/lab_6_software.elf' is downloaded to processor 'ps7_cortexa9_0'.
13:20:38 INFO  : 'configparams force-mem-access 0' command is executed.
13:20:38 INFO  : ----------------XSDB Script----------------
connect -url tcp:127.0.0.1:3121
source /home/user/Lab-6-Final-Project/Lab-6/Lab-6.sdk/lab6_block_wrapper_hw_platform_0/ps7_init.tcl
targets -set -nocase -filter {name =~"APU*" && jtag_cable_name =~ "Digilent Zybo 210279A42D4BA"} -index 0
loadhw -hw /home/user/Lab-6-Final-Project/Lab-6/Lab-6.sdk/lab6_block_wrapper_hw_platform_0/system.hdf -mem-ranges [list {0x40000000 0xbfffffff}]
configparams force-mem-access 1
targets -set -nocase -filter {name =~"APU*" && jtag_cable_name =~ "Digilent Zybo 210279A42D4BA"} -index 0
stop
ps7_init
ps7_post_config
targets -set -nocase -filter {name =~ "ARM*#0" && jtag_cable_name =~ "Digilent Zybo 210279A42D4BA"} -index 0
rst -processor
targets -set -nocase -filter {name =~ "ARM*#0" && jtag_cable_name =~ "Digilent Zybo 210279A42D4BA"} -index 0
dow /home/user/Lab-6-Final-Project/Lab-6/Lab-6.sdk/lab_6_software/Debug/lab_6_software.elf
configparams force-mem-access 0
----------------End of Script----------------

13:20:38 INFO  : Memory regions updated for context APU
13:20:38 INFO  : Context for processor 'ps7_cortexa9_0' is selected.
13:20:38 INFO  : 'con' command is executed.
13:20:38 INFO  : ----------------XSDB Script (After Launch)----------------
targets -set -nocase -filter {name =~ "ARM*#0" && jtag_cable_name =~ "Digilent Zybo 210279A42D4BA"} -index 0
con
----------------End of Script----------------

13:20:38 INFO  : Launch script is exported to file '/home/user/Lab-6-Final-Project/Lab-6/Lab-6.sdk/.sdk/launch_scripts/xilinx_c-c++_application_(system_debugger)/system_debugger_using_debug_lab_6_software.elf_on_local.tcl'
13:21:28 INFO  : Disconnected from the channel tcfchan#21.
13:21:29 INFO  : 'targets -set -filter {jtag_cable_name =~ "Digilent Zybo 210279A42D4BA" && level==0} -index 1' command is executed.
13:21:29 INFO  : 'fpga -state' command is executed.
13:21:29 INFO  : Connected to target on host '127.0.0.1' and port '3121'.
13:21:29 INFO  : Jtag cable 'Digilent Zybo 210279A42D4BA' is selected.
13:21:29 INFO  : 'jtag frequency' command is executed.
13:21:29 INFO  : Sourcing of '/home/user/Lab-6-Final-Project/Lab-6/Lab-6.sdk/lab6_block_wrapper_hw_platform_0/ps7_init.tcl' is done.
13:21:29 INFO  : Context for 'APU' is selected.
13:21:30 INFO  : Hardware design information is loaded from '/home/user/Lab-6-Final-Project/Lab-6/Lab-6.sdk/lab6_block_wrapper_hw_platform_0/system.hdf'.
13:21:30 INFO  : 'configparams force-mem-access 1' command is executed.
13:21:31 INFO  : Context for 'APU' is selected.
13:21:31 INFO  : 'stop' command is executed.
13:21:31 INFO  : 'ps7_init' command is executed.
13:21:31 INFO  : 'ps7_post_config' command is executed.
13:21:31 INFO  : Context for processor 'ps7_cortexa9_0' is selected.
13:21:31 INFO  : Processor reset is completed for 'ps7_cortexa9_0'.
13:21:31 INFO  : Context for processor 'ps7_cortexa9_0' is selected.
13:21:31 INFO  : The application '/home/user/Lab-6-Final-Project/Lab-6/Lab-6.sdk/lab_6_software/Debug/lab_6_software.elf' is downloaded to processor 'ps7_cortexa9_0'.
13:21:31 INFO  : 'configparams force-mem-access 0' command is executed.
13:21:31 INFO  : ----------------XSDB Script----------------
connect -url tcp:127.0.0.1:3121
source /home/user/Lab-6-Final-Project/Lab-6/Lab-6.sdk/lab6_block_wrapper_hw_platform_0/ps7_init.tcl
targets -set -nocase -filter {name =~"APU*" && jtag_cable_name =~ "Digilent Zybo 210279A42D4BA"} -index 0
loadhw -hw /home/user/Lab-6-Final-Project/Lab-6/Lab-6.sdk/lab6_block_wrapper_hw_platform_0/system.hdf -mem-ranges [list {0x40000000 0xbfffffff}]
configparams force-mem-access 1
targets -set -nocase -filter {name =~"APU*" && jtag_cable_name =~ "Digilent Zybo 210279A42D4BA"} -index 0
stop
ps7_init
ps7_post_config
targets -set -nocase -filter {name =~ "ARM*#0" && jtag_cable_name =~ "Digilent Zybo 210279A42D4BA"} -index 0
rst -processor
targets -set -nocase -filter {name =~ "ARM*#0" && jtag_cable_name =~ "Digilent Zybo 210279A42D4BA"} -index 0
dow /home/user/Lab-6-Final-Project/Lab-6/Lab-6.sdk/lab_6_software/Debug/lab_6_software.elf
configparams force-mem-access 0
----------------End of Script----------------

13:21:31 INFO  : Memory regions updated for context APU
13:21:31 INFO  : Context for processor 'ps7_cortexa9_0' is selected.
13:21:31 INFO  : 'con' command is executed.
13:21:31 INFO  : ----------------XSDB Script (After Launch)----------------
targets -set -nocase -filter {name =~ "ARM*#0" && jtag_cable_name =~ "Digilent Zybo 210279A42D4BA"} -index 0
con
----------------End of Script----------------

13:21:31 INFO  : Launch script is exported to file '/home/user/Lab-6-Final-Project/Lab-6/Lab-6.sdk/.sdk/launch_scripts/xilinx_c-c++_application_(system_debugger)/system_debugger_using_debug_lab_6_software.elf_on_local.tcl'
13:23:19 INFO  : Disconnected from the channel tcfchan#22.
13:23:20 INFO  : 'targets -set -filter {jtag_cable_name =~ "Digilent Zybo 210279A42D4BA" && level==0} -index 1' command is executed.
13:23:20 INFO  : 'fpga -state' command is executed.
13:23:20 INFO  : Connected to target on host '127.0.0.1' and port '3121'.
13:23:20 INFO  : Jtag cable 'Digilent Zybo 210279A42D4BA' is selected.
13:23:20 INFO  : 'jtag frequency' command is executed.
13:23:20 INFO  : Sourcing of '/home/user/Lab-6-Final-Project/Lab-6/Lab-6.sdk/lab6_block_wrapper_hw_platform_0/ps7_init.tcl' is done.
13:23:20 INFO  : Context for 'APU' is selected.
13:23:21 INFO  : Hardware design information is loaded from '/home/user/Lab-6-Final-Project/Lab-6/Lab-6.sdk/lab6_block_wrapper_hw_platform_0/system.hdf'.
13:23:21 INFO  : 'configparams force-mem-access 1' command is executed.
13:23:21 INFO  : Context for 'APU' is selected.
13:23:21 INFO  : 'stop' command is executed.
13:23:21 INFO  : 'ps7_init' command is executed.
13:23:21 INFO  : 'ps7_post_config' command is executed.
13:23:21 INFO  : Context for processor 'ps7_cortexa9_0' is selected.
13:23:21 INFO  : Processor reset is completed for 'ps7_cortexa9_0'.
13:23:21 INFO  : Context for processor 'ps7_cortexa9_0' is selected.
13:23:21 INFO  : The application '/home/user/Lab-6-Final-Project/Lab-6/Lab-6.sdk/lab_6_software/Debug/lab_6_software.elf' is downloaded to processor 'ps7_cortexa9_0'.
13:23:21 INFO  : 'configparams force-mem-access 0' command is executed.
13:23:21 INFO  : ----------------XSDB Script----------------
connect -url tcp:127.0.0.1:3121
source /home/user/Lab-6-Final-Project/Lab-6/Lab-6.sdk/lab6_block_wrapper_hw_platform_0/ps7_init.tcl
targets -set -nocase -filter {name =~"APU*" && jtag_cable_name =~ "Digilent Zybo 210279A42D4BA"} -index 0
loadhw -hw /home/user/Lab-6-Final-Project/Lab-6/Lab-6.sdk/lab6_block_wrapper_hw_platform_0/system.hdf -mem-ranges [list {0x40000000 0xbfffffff}]
configparams force-mem-access 1
targets -set -nocase -filter {name =~"APU*" && jtag_cable_name =~ "Digilent Zybo 210279A42D4BA"} -index 0
stop
ps7_init
ps7_post_config
targets -set -nocase -filter {name =~ "ARM*#0" && jtag_cable_name =~ "Digilent Zybo 210279A42D4BA"} -index 0
rst -processor
targets -set -nocase -filter {name =~ "ARM*#0" && jtag_cable_name =~ "Digilent Zybo 210279A42D4BA"} -index 0
dow /home/user/Lab-6-Final-Project/Lab-6/Lab-6.sdk/lab_6_software/Debug/lab_6_software.elf
configparams force-mem-access 0
----------------End of Script----------------

13:23:21 INFO  : Memory regions updated for context APU
13:23:21 INFO  : Context for processor 'ps7_cortexa9_0' is selected.
13:23:21 INFO  : 'con' command is executed.
13:23:21 INFO  : ----------------XSDB Script (After Launch)----------------
targets -set -nocase -filter {name =~ "ARM*#0" && jtag_cable_name =~ "Digilent Zybo 210279A42D4BA"} -index 0
con
----------------End of Script----------------

13:23:21 INFO  : Launch script is exported to file '/home/user/Lab-6-Final-Project/Lab-6/Lab-6.sdk/.sdk/launch_scripts/xilinx_c-c++_application_(system_debugger)/system_debugger_using_debug_lab_6_software.elf_on_local.tcl'
13:27:10 INFO  : Disconnected from the channel tcfchan#23.
13:27:11 INFO  : 'targets -set -filter {jtag_cable_name =~ "Digilent Zybo 210279A42D4BA" && level==0} -index 1' command is executed.
13:27:11 INFO  : 'fpga -state' command is executed.
13:27:11 INFO  : Connected to target on host '127.0.0.1' and port '3121'.
13:27:11 INFO  : Jtag cable 'Digilent Zybo 210279A42D4BA' is selected.
13:27:11 INFO  : 'jtag frequency' command is executed.
13:27:11 INFO  : Sourcing of '/home/user/Lab-6-Final-Project/Lab-6/Lab-6.sdk/lab6_block_wrapper_hw_platform_0/ps7_init.tcl' is done.
13:27:11 INFO  : Context for 'APU' is selected.
13:27:13 INFO  : Hardware design information is loaded from '/home/user/Lab-6-Final-Project/Lab-6/Lab-6.sdk/lab6_block_wrapper_hw_platform_0/system.hdf'.
13:27:13 INFO  : 'configparams force-mem-access 1' command is executed.
13:27:13 INFO  : Context for 'APU' is selected.
13:27:13 INFO  : 'stop' command is executed.
13:27:13 INFO  : 'ps7_init' command is executed.
13:27:13 INFO  : 'ps7_post_config' command is executed.
13:27:13 INFO  : Context for processor 'ps7_cortexa9_0' is selected.
13:27:13 INFO  : Processor reset is completed for 'ps7_cortexa9_0'.
13:27:13 INFO  : Context for processor 'ps7_cortexa9_0' is selected.
13:27:13 INFO  : The application '/home/user/Lab-6-Final-Project/Lab-6/Lab-6.sdk/lab_6_software/Debug/lab_6_software.elf' is downloaded to processor 'ps7_cortexa9_0'.
13:27:13 INFO  : 'configparams force-mem-access 0' command is executed.
13:27:13 INFO  : ----------------XSDB Script----------------
connect -url tcp:127.0.0.1:3121
source /home/user/Lab-6-Final-Project/Lab-6/Lab-6.sdk/lab6_block_wrapper_hw_platform_0/ps7_init.tcl
targets -set -nocase -filter {name =~"APU*" && jtag_cable_name =~ "Digilent Zybo 210279A42D4BA"} -index 0
loadhw -hw /home/user/Lab-6-Final-Project/Lab-6/Lab-6.sdk/lab6_block_wrapper_hw_platform_0/system.hdf -mem-ranges [list {0x40000000 0xbfffffff}]
configparams force-mem-access 1
targets -set -nocase -filter {name =~"APU*" && jtag_cable_name =~ "Digilent Zybo 210279A42D4BA"} -index 0
stop
ps7_init
ps7_post_config
targets -set -nocase -filter {name =~ "ARM*#0" && jtag_cable_name =~ "Digilent Zybo 210279A42D4BA"} -index 0
rst -processor
targets -set -nocase -filter {name =~ "ARM*#0" && jtag_cable_name =~ "Digilent Zybo 210279A42D4BA"} -index 0
dow /home/user/Lab-6-Final-Project/Lab-6/Lab-6.sdk/lab_6_software/Debug/lab_6_software.elf
configparams force-mem-access 0
----------------End of Script----------------

13:27:13 INFO  : Memory regions updated for context APU
13:27:13 INFO  : Context for processor 'ps7_cortexa9_0' is selected.
13:27:13 INFO  : 'con' command is executed.
13:27:13 INFO  : ----------------XSDB Script (After Launch)----------------
targets -set -nocase -filter {name =~ "ARM*#0" && jtag_cable_name =~ "Digilent Zybo 210279A42D4BA"} -index 0
con
----------------End of Script----------------

13:27:13 INFO  : Launch script is exported to file '/home/user/Lab-6-Final-Project/Lab-6/Lab-6.sdk/.sdk/launch_scripts/xilinx_c-c++_application_(system_debugger)/system_debugger_using_debug_lab_6_software.elf_on_local.tcl'
